<?xml version="1.0" encoding="UTF-8"?>
<testng-results skipped="0" failed="0" ignored="0" total="1" passed="1">
  <reporter-output>
  </reporter-output>
  <suite name="Default suite" duration-ms="4499" started-at="2018-04-21T08:09:29Z" finished-at="2018-04-21T08:09:33Z">
    <groups>
    </groups>
    <test name="Default test" duration-ms="4499" started-at="2018-04-21T08:09:29Z" finished-at="2018-04-21T08:09:33Z">
      <class name="restwithXML">
        <test-method status="PASS" signature="satrt()[pri:0, instance:restwithXML@23fe1d71]" name="satrt" duration-ms="4406" started-at="2018-04-21T13:39:29Z" finished-at="2018-04-21T13:39:33Z">
          <reporter-output>
          </reporter-output>
        </test-method> <!-- satrt -->
      </class> <!-- restwithXML -->
    </test> <!-- Default test -->
  </suite> <!-- Default suite -->
</testng-results>
